<?xml version="1.0" encoding="UTF-8"?>
<!-- Generated by org.testng.reporters.JUnitReportReporter -->
<testsuite hostname="114Latitude5410" failures="0" tests="1" name="com.inetbanking.testCases.TC_LoginTest_001" time="3.534" errors="0" timestamp="2022-08-25T00:17:30 PDT" skipped="0">
  <testcase classname="com.inetbanking.testCases.TC_LoginTest_001" name="loginTest" time="3.534"/>
  <system-out/>
</testsuite> <!-- com.inetbanking.testCases.TC_LoginTest_001 -->
