<?xml version="1.0" encoding="UTF-8"?>
<!-- Generated by org.testng.reporters.JUnitReportReporter -->
<testsuite hostname="114Latitude5410" failures="0" tests="1" name="com.inetbanking.testCases.TC_LoginTest_001" time="2.756" errors="0" timestamp="2022-08-25T23:18:06 PDT" skipped="0">
  <testcase classname="com.inetbanking.testCases.TC_LoginTest_001" name="loginTest" time="2.756"/>
  <system-out/>
</testsuite> <!-- com.inetbanking.testCases.TC_LoginTest_001 -->
